
ASEM-51 V1.3                                         Copyright (c) 2002 by W.W. Heinz                                         PAGE 1





       MCS-51 Family Macro Assembler   A S E M - 5 1   V 1.3
       =====================================================



	Source File:	firmware.asm
	Object File:	firmware.hex
	List File:	firmware.lst



 Line  I  Addr  Code            Source

    1:		N      0000	            ORG 0000h
    2:	  0000	02 00 30	            LJMP start
    3:
    4:		N      0030	            ORG 0030h
    5:	  0030	75 81 70	start:      MOV SP, #70h
    6:	  0033	75 89 20	            MOV TMOD, #20h      ; Timer1 mode 2 (8-bit auto-reload)
    7:	  0036	75 8D FD	            MOV TH1, #0FDh      ; 9600 baud @ 11.0592MHz, SMOD=0
    8:	  0039	75 8B FD	            MOV TL1, #0FDh
    9:	  003C	75 87 00	            MOV PCON, #00h      ; SMOD=0
   10:	  003F	75 98 50	            MOV SCON, #50h      ; Mode 1, REN=1
   11:	  0042	D2 8E		            SETB TR1
   12:
   13:	  0044	C2 90		            CLR P1.0
   14:
   15:	  0046	90 00 6B	main_loop:  MOV DPTR, #msg
   16:	  0049	E4		send_loop:  CLR A
   17:	  004A	93		            MOVC A, @A+DPTR
   18:	  004B	60 05		            JZ line_done
   19:	  004D	11 58		            ACALL putc
   20:	  004F	A3		            INC DPTR
   21:	  0050	80 F7		            SJMP send_loop
   22:
   23:	  0052	B2 90		line_done:  CPL P1.0
   24:	  0054	11 60		            ACALL delay_84ms
   25:	  0056	80 EE		            SJMP main_loop
   26:
   27:	  0058	F5 99		putc:       MOV SBUF, A
   28:	  005A	30 99 FD	wait_ti:    JNB TI, wait_ti
   29:	  005D	C2 99		            CLR TI
   30:	  005F	22		            RET
   31:
   32:				; ~84 ms busy-wait at 11.0592 MHz (12 clocks/machine cycle)
   33:				; Target cycles: 77414
   34:				; 1 + 76 * (1 + 255 * 4 + 2) = 77749 cycles (~84.36 ms)
   35:	  0060			delay_84ms:
   36:	  0060	7E 4C		            MOV R6, #04Ch
   37:	  0062	7D FF		dly_outer:  MOV R5, #0FFh
   38:	  0064	00		dly_inner:  NOP
   39:	  0065	00		            NOP
   40:	  0066	DD FC		            DJNZ R5, dly_inner
   41:	  0068	DE F8		            DJNZ R6, dly_outer
   42:	  006A	22		            RET
   43:

ASEM-51 V1.3                                         Copyright (c) 2002 by W.W. Heinz                                         PAGE 2



 Line  I  Addr  Code            Source

   44:	  006B	48 65 6C 6C	msg:        DB 'Hello world', 0Dh, 0Ah, 00h
	  006F	6F 20 77 6F
	  0073	72 6C 64 0D
	  0077	0A 00
   45:				            END





                     register banks used:  ---

                     no errors




ASEM-51 V1.3                                         Copyright (c) 2002 by W.W. Heinz                                         PAGE 3





	       L I S T   O F   S Y M B O L S
	       =============================


SYMBOL				  TYPE     VALUE	LINE
------------------------------------------------------------
??ASEM_51			  NUMBER    8051
??VERSION			  NUMBER    0130
AC				  BIT	      D6
ACC				  DATA	      E0
B				  DATA	      F0
CY				  BIT	      D7
DELAY_84MS			  CODE	    0060	  35
DLY_INNER			  CODE	    0064	  38
DLY_OUTER			  CODE	    0062	  37
DPH				  DATA	      83
DPL				  DATA	      82
EA				  BIT	      AF
ES				  BIT	      AC
ET0				  BIT	      A9
ET1				  BIT	      AB
EX0				  BIT	      A8
EX1				  BIT	      AA
EXTI0				  CODE	    0003
EXTI1				  CODE	    0013
F0				  BIT	      D5
IE				  DATA	      A8
IE0				  BIT	      89
IE1				  BIT	      8B
INT0				  BIT	      B2
INT1				  BIT	      B3
IP				  DATA	      B8
IT0				  BIT	      88
IT1				  BIT	      8A
LINE_DONE			  CODE	    0052	  23
MAIN_LOOP			  CODE	    0046	  15
MSG				  CODE	    006B	  44
OV				  BIT	      D2
P				  BIT	      D0
P0				  DATA	      80
P1				  DATA	      90
P2				  DATA	      A0
P3				  DATA	      B0
PCON				  DATA	      87
PS				  BIT	      BC
PSW				  DATA	      D0
PT0				  BIT	      B9
PT1				  BIT	      BB
PUTC				  CODE	    0058	  27
PX0				  BIT	      B8
PX1				  BIT	      BA
RB8				  BIT	      9A
RD				  BIT	      B7
REN				  BIT	      9C
RESET				  CODE	    0000
RI				  BIT	      98

ASEM-51 V1.3                                         Copyright (c) 2002 by W.W. Heinz                                         PAGE 4



SYMBOL				  TYPE     VALUE	LINE
------------------------------------------------------------
RS0				  BIT	      D3
RS1				  BIT	      D4
RXD				  BIT	      B0
SBUF				  DATA	      99
SCON				  DATA	      98
SEND_LOOP			  CODE	    0049	  16
SINT				  CODE	    0023
SM0				  BIT	      9F
SM1				  BIT	      9E
SM2				  BIT	      9D
SP				  DATA	      81
START				  CODE	    0030	   5
T0				  BIT	      B4
T1				  BIT	      B5
TB8				  BIT	      9B
TCON				  DATA	      88
TF0				  BIT	      8D
TF1				  BIT	      8F
TH0				  DATA	      8C
TH1				  DATA	      8D
TI				  BIT	      99
TIMER0				  CODE	    000B
TIMER1				  CODE	    001B
TL0				  DATA	      8A
TL1				  DATA	      8B
TMOD				  DATA	      89
TR0				  BIT	      8C
TR1				  BIT	      8E
TXD				  BIT	      B1
WAIT_TI				  CODE	    005A	  28
WR				  BIT	      B6
